{"numFailedTestSuites":0,"numFailedTests":0,"numPassedTestSuites":23,"numPassedTests":152,"numPendingTestSuites":1,"numPendingTests":1,"numRuntimeErrorTestSuites":0,"numTotalTestSuites":24,"numTotalTests":153,"snapshot":{"added":0,"didUpdate":false,"failure":false,"filesAdded":0,"filesRemoved":0,"filesUnmatched":0,"filesUpdated":0,"matched":73,"total":73,"unchecked":0,"uncheckedKeys":[],"unmatched":0,"updated":0},"startTime":1517840423631,"success":true,"testResults":[{"assertionResults":[{"ancestorTitles":["numbers","formatNumber()"],"failureMessages":[],"fullName":"numbers formatNumber() should format a number according to the provided format.","location":null,"status":"passed","title":"should format a number according to the provided format."},{"ancestorTitles":["numbers","formatNumber()"],"failureMessages":[],"fullName":"numbers formatNumber() should format a String number according to the provided format.","location":null,"status":"passed","title":"should format a String number according to the provided format."},{"ancestorTitles":["numbers","formatNumber()"],"failureMessages":[],"fullName":"numbers formatNumber() should handle integers.","location":null,"status":"passed","title":"should handle integers."},{"ancestorTitles":["numbers","formatNumber()"],"failureMessages":[],"fullName":"numbers formatNumber() should fall back to a default format, if no format is provided","location":null,"status":"passed","title":"should fall back to a default format, if no format is provided"},{"ancestorTitles":["numbers","getNumberFormat()"],"failureMessages":[],"fullName":"numbers getNumberFormat() returns the number format for a given locale.","location":null,"status":"passed","title":"returns the number format for a given locale."},{"ancestorTitles":["numbers","getNumberFormat()"],"failureMessages":[],"fullName":"numbers getNumberFormat() should throw, if the locale is unknown.","location":null,"status":"passed","title":"should throw, if the locale is unknown."},{"ancestorTitles":["numbers","formatNumberForLocale()"],"failureMessages":[],"fullName":"numbers formatNumberForLocale() should localize 1000 to 1 000,00 for bg-BG.","location":null,"status":"passed","title":"should localize 1000 to 1 000,00 for bg-BG."},{"ancestorTitles":["numbers","formatNumberForLocale()"],"failureMessages":[],"fullName":"numbers formatNumberForLocale() should localize 1000 to 1 000,00 for cs-CZ.","location":null,"status":"passed","title":"should localize 1000 to 1 000,00 for cs-CZ."},{"ancestorTitles":["numbers","formatNumberForLocale()"],"failureMessages":[],"fullName":"numbers formatNumberForLocale() should localize 1000 to 1.000,00 for da-DK.","location":null,"status":"passed","title":"should localize 1000 to 1.000,00 for da-DK."},{"ancestorTitles":["numbers","formatNumberForLocale()"],"failureMessages":[],"fullName":"numbers formatNumberForLocale() should localize 1000 to 1.000,00 for de-AT.","location":null,"status":"passed","title":"should localize 1000 to 1.000,00 for de-AT."},{"ancestorTitles":["numbers","formatNumberForLocale()"],"failureMessages":[],"fullName":"numbers formatNumberForLocale() should localize 1000 to 1'000.00 for de-CH.","location":null,"status":"passed","title":"should localize 1000 to 1'000.00 for de-CH."},{"ancestorTitles":["numbers","formatNumberForLocale()"],"failureMessages":[],"fullName":"numbers formatNumberForLocale() should localize 1000 to 1.000,00 for de-DE.","location":null,"status":"passed","title":"should localize 1000 to 1.000,00 for de-DE."},{"ancestorTitles":["numbers","formatNumberForLocale()"],"failureMessages":[],"fullName":"numbers formatNumberForLocale() should localize 1000 to 1,000.00 for en-GB.","location":null,"status":"passed","title":"should localize 1000 to 1,000.00 for en-GB."},{"ancestorTitles":["numbers","formatNumberForLocale()"],"failureMessages":[],"fullName":"numbers formatNumberForLocale() should localize 1000 to 1,000.00 for en-IE.","location":null,"status":"passed","title":"should localize 1000 to 1,000.00 for en-IE."},{"ancestorTitles":["numbers","formatNumberForLocale()"],"failureMessages":[],"fullName":"numbers formatNumberForLocale() should localize 1000 to 1,000.00 for en-US.","location":null,"status":"passed","title":"should localize 1000 to 1,000.00 for en-US."},{"ancestorTitles":["numbers","formatNumberForLocale()"],"failureMessages":[],"fullName":"numbers formatNumberForLocale() should localize 1000 to 1.000,00 for es-CL.","location":null,"status":"passed","title":"should localize 1000 to 1.000,00 for es-CL."},{"ancestorTitles":["numbers","formatNumberForLocale()"],"failureMessages":[],"fullName":"numbers formatNumberForLocale() should localize 1000 to 1.000,00 for es-ES.","location":null,"status":"passed","title":"should localize 1000 to 1.000,00 for es-ES."},{"ancestorTitles":["numbers","formatNumberForLocale()"],"failureMessages":[],"fullName":"numbers formatNumberForLocale() should localize 1000 to 1 000,00 for fr-BE.","location":null,"status":"passed","title":"should localize 1000 to 1 000,00 for fr-BE."},{"ancestorTitles":["numbers","formatNumberForLocale()"],"failureMessages":[],"fullName":"numbers formatNumberForLocale() should localize 1000 to 1 000.00 for fr-CH.","location":null,"status":"passed","title":"should localize 1000 to 1 000.00 for fr-CH."},{"ancestorTitles":["numbers","formatNumberForLocale()"],"failureMessages":[],"fullName":"numbers formatNumberForLocale() should localize 1000 to 1 000,00 for fr-FR.","location":null,"status":"passed","title":"should localize 1000 to 1 000,00 for fr-FR."},{"ancestorTitles":["numbers","formatNumberForLocale()"],"failureMessages":[],"fullName":"numbers formatNumberForLocale() should localize 1000 to 1.000,00 for hr-HR.","location":null,"status":"passed","title":"should localize 1000 to 1.000,00 for hr-HR."},{"ancestorTitles":["numbers","formatNumberForLocale()"],"failureMessages":[],"fullName":"numbers formatNumberForLocale() should localize 1000 to 1 000,00 for hu-HU.","location":null,"status":"passed","title":"should localize 1000 to 1 000,00 for hu-HU."},{"ancestorTitles":["numbers","formatNumberForLocale()"],"failureMessages":[],"fullName":"numbers formatNumberForLocale() should localize 1000 to 1.000,00 for it-CH.","location":null,"status":"passed","title":"should localize 1000 to 1.000,00 for it-CH."},{"ancestorTitles":["numbers","formatNumberForLocale()"],"failureMessages":[],"fullName":"numbers formatNumberForLocale() should localize 1000 to 1.000,00 for it-IT.","location":null,"status":"passed","title":"should localize 1000 to 1.000,00 for it-IT."},{"ancestorTitles":["numbers","formatNumberForLocale()"],"failureMessages":[],"fullName":"numbers formatNumberForLocale() should localize 1000 to 1 000,00 for nb-NO.","location":null,"status":"passed","title":"should localize 1000 to 1 000,00 for nb-NO."},{"ancestorTitles":["numbers","formatNumberForLocale()"],"failureMessages":[],"fullName":"numbers formatNumberForLocale() should localize 1000 to 1.000,00 for nl-BE.","location":null,"status":"passed","title":"should localize 1000 to 1.000,00 for nl-BE."},{"ancestorTitles":["numbers","formatNumberForLocale()"],"failureMessages":[],"fullName":"numbers formatNumberForLocale() should localize 1000 to 1.000,00 for nl-NL.","location":null,"status":"passed","title":"should localize 1000 to 1.000,00 for nl-NL."},{"ancestorTitles":["numbers","formatNumberForLocale()"],"failureMessages":[],"fullName":"numbers formatNumberForLocale() should localize 1000 to 1 000,00 for nn-NO.","location":null,"status":"passed","title":"should localize 1000 to 1 000,00 for nn-NO."},{"ancestorTitles":["numbers","formatNumberForLocale()"],"failureMessages":[],"fullName":"numbers formatNumberForLocale() should localize 1000 to 1 000,00 for pl-PL.","location":null,"status":"passed","title":"should localize 1000 to 1 000,00 for pl-PL."},{"ancestorTitles":["numbers","formatNumberForLocale()"],"failureMessages":[],"fullName":"numbers formatNumberForLocale() should localize 1000 to 1.000,00 for pt-BR.","location":null,"status":"passed","title":"should localize 1000 to 1.000,00 for pt-BR."},{"ancestorTitles":["numbers","formatNumberForLocale()"],"failureMessages":[],"fullName":"numbers formatNumberForLocale() should localize 1000 to 1 000,00 for pt-PT.","location":null,"status":"passed","title":"should localize 1000 to 1 000,00 for pt-PT."},{"ancestorTitles":["numbers","formatNumberForLocale()"],"failureMessages":[],"fullName":"numbers formatNumberForLocale() should localize 1000 to 1.000,00 for ro-RO.","location":null,"status":"passed","title":"should localize 1000 to 1.000,00 for ro-RO."},{"ancestorTitles":["numbers","formatNumberForLocale()"],"failureMessages":[],"fullName":"numbers formatNumberForLocale() should localize 1000 to 1 000,00 for ru-RU.","location":null,"status":"passed","title":"should localize 1000 to 1 000,00 for ru-RU."},{"ancestorTitles":["numbers","formatNumberForLocale()"],"failureMessages":[],"fullName":"numbers formatNumberForLocale() should localize 1000 to 1 000,00 for sv-SE.","location":null,"status":"passed","title":"should localize 1000 to 1 000,00 for sv-SE."},{"ancestorTitles":["numbers","formatNumberForLocale()"],"failureMessages":[],"fullName":"numbers formatNumberForLocale() should omit the fractional part if param \"int\" is false","location":null,"status":"passed","title":"should omit the fractional part if param \"int\" is false"},{"ancestorTitles":["numbers","formatNumberParts()"],"failureMessages":[],"fullName":"numbers formatNumberParts() should format the integer part with default group length 3 and thousand separator \",\".","location":null,"status":"passed","title":"should format the integer part with default group length 3 and thousand separator \",\"."},{"ancestorTitles":["numbers","formatNumberParts()"],"failureMessages":[],"fullName":"numbers formatNumberParts() should format the integer part according to the groupLength parameter.","location":null,"status":"passed","title":"should format the integer part according to the groupLength parameter."},{"ancestorTitles":["numbers","formatNumberParts()"],"failureMessages":[],"fullName":"numbers formatNumberParts() should format the integer part according to the thousandSep parameter.","location":null,"status":"passed","title":"should format the integer part according to the thousandSep parameter."},{"ancestorTitles":["numbers","formatNumberParts()"],"failureMessages":[],"fullName":"numbers formatNumberParts() should format the fractional part with precision 2 by default.","location":null,"status":"passed","title":"should format the fractional part with precision 2 by default."},{"ancestorTitles":["numbers","formatNumberParts()"],"failureMessages":[],"fullName":"numbers formatNumberParts() should format the fractional part according to the precision parameter.","location":null,"status":"passed","title":"should format the fractional part according to the precision parameter."}],"endTime":1517840426359,"message":"","name":"/Users/cristianoliveira/work/circuit-ui/src/util/numbers/spec.js","startTime":1517840424525,"status":"passed","summary":""},{"assertionResults":[{"ancestorTitles":["currency","getCurrencyFormat()"],"failureMessages":[],"fullName":"currency getCurrencyFormat() should return a format object for a currency and locale.","location":null,"status":"passed","title":"should return a format object for a currency and locale."},{"ancestorTitles":["currency","getCurrencyFormat()"],"failureMessages":[],"fullName":"currency getCurrencyFormat() should fall back to the default format for a currency, if locale is not found.","location":null,"status":"passed","title":"should fall back to the default format for a currency, if locale is not found."},{"ancestorTitles":["currency","getCurrencyFormat()"],"failureMessages":[],"fullName":"currency getCurrencyFormat() should throw a TypeError if currency is not supported.","location":null,"status":"passed","title":"should throw a TypeError if currency is not supported."},{"ancestorTitles":["currency","formatCurrency()"],"failureMessages":[],"fullName":"currency formatCurrency() should localize EUR for Belgium","location":null,"status":"passed","title":"should localize EUR for Belgium"},{"ancestorTitles":["currency","formatCurrency()"],"failureMessages":[],"fullName":"currency formatCurrency() should localize EUR for Germany","location":null,"status":"passed","title":"should localize EUR for Germany"},{"ancestorTitles":["currency","formatCurrency()"],"failureMessages":[],"fullName":"currency formatCurrency() should localize EUR for Spain","location":null,"status":"passed","title":"should localize EUR for Spain"},{"ancestorTitles":["currency","formatCurrency()"],"failureMessages":[],"fullName":"currency formatCurrency() should localize EUR for France","location":null,"status":"passed","title":"should localize EUR for France"},{"ancestorTitles":["currency","formatCurrency()"],"failureMessages":[],"fullName":"currency formatCurrency() should localize EUR for Ireland","location":null,"status":"passed","title":"should localize EUR for Ireland"},{"ancestorTitles":["currency","formatCurrency()"],"failureMessages":[],"fullName":"currency formatCurrency() should localize EUR for Italy","location":null,"status":"passed","title":"should localize EUR for Italy"},{"ancestorTitles":["currency","formatCurrency()"],"failureMessages":[],"fullName":"currency formatCurrency() should localize EUR for Netherlands","location":null,"status":"passed","title":"should localize EUR for Netherlands"},{"ancestorTitles":["currency","formatCurrency()"],"failureMessages":[],"fullName":"currency formatCurrency() should localize EUR for Portugal","location":null,"status":"passed","title":"should localize EUR for Portugal"},{"ancestorTitles":["currency","formatCurrency()"],"failureMessages":[],"fullName":"currency formatCurrency() should localize CHF","location":null,"status":"passed","title":"should localize CHF"},{"ancestorTitles":["currency","formatCurrency()"],"failureMessages":[],"fullName":"currency formatCurrency() should localize GBP","location":null,"status":"passed","title":"should localize GBP"},{"ancestorTitles":["currency","formatCurrency()"],"failureMessages":[],"fullName":"currency formatCurrency() should localize PLN","location":null,"status":"passed","title":"should localize PLN"},{"ancestorTitles":["currency","formatCurrency()"],"failureMessages":[],"fullName":"currency formatCurrency() should localize RUB","location":null,"status":"passed","title":"should localize RUB"},{"ancestorTitles":["currency","formatCurrency()"],"failureMessages":[],"fullName":"currency formatCurrency() should localize BRL","location":null,"status":"passed","title":"should localize BRL"},{"ancestorTitles":["currency","formatCurrency()"],"failureMessages":[],"fullName":"currency formatCurrency() should localize SEK","location":null,"status":"passed","title":"should localize SEK"},{"ancestorTitles":["currency","formatCurrency()"],"failureMessages":[],"fullName":"currency formatCurrency() should localize USD","location":null,"status":"passed","title":"should localize USD"},{"ancestorTitles":["currency","formatCurrency()"],"failureMessages":[],"fullName":"currency formatCurrency() should localize CLP","location":null,"status":"passed","title":"should localize CLP"},{"ancestorTitles":["currency","formatCurrency()"],"failureMessages":[],"fullName":"currency formatCurrency() should localize BGN","location":null,"status":"passed","title":"should localize BGN"},{"ancestorTitles":["currency","formatCurrency()"],"failureMessages":[],"fullName":"currency formatCurrency() should localize CZK","location":null,"status":"passed","title":"should localize CZK"},{"ancestorTitles":["currency","formatCurrency()"],"failureMessages":[],"fullName":"currency formatCurrency() should localize DKK","location":null,"status":"passed","title":"should localize DKK"},{"ancestorTitles":["currency","formatCurrency()"],"failureMessages":[],"fullName":"currency formatCurrency() should localize HUF","location":null,"status":"passed","title":"should localize HUF"},{"ancestorTitles":["currency","formatCurrency()"],"failureMessages":[],"fullName":"currency formatCurrency() should localize NOK","location":null,"status":"passed","title":"should localize NOK"},{"ancestorTitles":["currency","formatCurrency()"],"failureMessages":[],"fullName":"currency formatCurrency() should localize RON","location":null,"status":"passed","title":"should localize RON"},{"ancestorTitles":["currency","formatCurrency()"],"failureMessages":[],"fullName":"currency formatCurrency() should localize HRK","location":null,"status":"passed","title":"should localize HRK"}],"endTime":1517840426383,"message":"","name":"/Users/cristianoliveira/work/circuit-ui/src/util/currency/spec.js","startTime":1517840424421,"status":"passed","summary":""},{"assertionResults":[{"ancestorTitles":["Price"],"failureMessages":[],"fullName":"Price wait until we have a new price component with working tests","location":null,"status":"pending","title":"wait until we have a new price component with working tests"}],"endTime":1517840426645,"message":"","name":"/Users/cristianoliveira/work/circuit-ui/src/components/Price/Price.spec.js","startTime":1517840426369,"status":"passed","summary":""},{"assertionResults":[{"ancestorTitles":["Button"],"failureMessages":[],"fullName":"Button should have button styles","location":null,"status":"passed","title":"should have button styles"},{"ancestorTitles":["Button"],"failureMessages":[],"fullName":"Button should have kilo button styles","location":null,"status":"passed","title":"should have kilo button styles"},{"ancestorTitles":["Button"],"failureMessages":[],"fullName":"Button should have mega button styles","location":null,"status":"passed","title":"should have mega button styles"},{"ancestorTitles":["Button"],"failureMessages":[],"fullName":"Button should have giga button styles","location":null,"status":"passed","title":"should have giga button styles"},{"ancestorTitles":["Button"],"failureMessages":[],"fullName":"Button should have disabled button styles","location":null,"status":"passed","title":"should have disabled button styles"},{"ancestorTitles":["Button"],"failureMessages":[],"fullName":"Button should have flat button styles","location":null,"status":"passed","title":"should have flat button styles"},{"ancestorTitles":["Button"],"failureMessages":[],"fullName":"Button should have flat disabled button styles","location":null,"status":"passed","title":"should have flat disabled button styles"},{"ancestorTitles":["Button"],"failureMessages":[],"fullName":"Button should have secondary button styles","location":null,"status":"passed","title":"should have secondary button styles"},{"ancestorTitles":["Button"],"failureMessages":[],"fullName":"Button should have secondary disabled button styles","location":null,"status":"passed","title":"should have secondary disabled button styles"},{"ancestorTitles":["Button"],"failureMessages":[],"fullName":"Button should have secondary flat button styles","location":null,"status":"passed","title":"should have secondary flat button styles"},{"ancestorTitles":["Button","as anchor element"],"failureMessages":[],"fullName":"Button as anchor element should become a link when passed an href prop","location":null,"status":"passed","title":"should become a link when passed an href prop"},{"ancestorTitles":["Button","as anchor element"],"failureMessages":[],"fullName":"Button as anchor element should accept a target prop","location":null,"status":"passed","title":"should accept a target prop"}],"endTime":1517840427156,"message":"","name":"/Users/cristianoliveira/work/circuit-ui/src/components/Button/Button.spec.js","startTime":1517840426393,"status":"passed","summary":""},{"assertionResults":[{"ancestorTitles":["Select"],"failureMessages":[],"fullName":"Select should render with default styles","location":null,"status":"passed","title":"should render with default styles"},{"ancestorTitles":["Select"],"failureMessages":[],"fullName":"Select should render with disabled styles when passed the disabled prop","location":null,"status":"passed","title":"should render with disabled styles when passed the disabled prop"},{"ancestorTitles":["Select"],"failureMessages":[],"fullName":"Select should be disabled when passed the disabled prop","location":null,"status":"passed","title":"should be disabled when passed the disabled prop"},{"ancestorTitles":["Select"],"failureMessages":[],"fullName":"Select should show the placeholder when no value is passed","location":null,"status":"passed","title":"should show the placeholder when no value is passed"},{"ancestorTitles":["Select"],"failureMessages":[],"fullName":"Select should not show the placeholder when a value is selected","location":null,"status":"passed","title":"should not show the placeholder when a value is selected"}],"endTime":1517840427377,"message":"","name":"/Users/cristianoliveira/work/circuit-ui/src/components/Select/Select.spec.js","startTime":1517840426651,"status":"passed","summary":""},{"assertionResults":[{"ancestorTitles":["RadioButton"],"failureMessages":[],"fullName":"RadioButton should render with default styles","location":null,"status":"passed","title":"should render with default styles"},{"ancestorTitles":["RadioButton"],"failureMessages":[],"fullName":"RadioButton should render with checked styles","location":null,"status":"passed","title":"should render with checked styles"},{"ancestorTitles":["RadioButton"],"failureMessages":[],"fullName":"RadioButton should render with disabled styles","location":null,"status":"passed","title":"should render with disabled styles"},{"ancestorTitles":["RadioButton"],"failureMessages":[],"fullName":"RadioButton should render with invalid styles","location":null,"status":"passed","title":"should render with invalid styles"},{"ancestorTitles":["RadioButton"],"failureMessages":[],"fullName":"RadioButton should be unchecked by default","location":null,"status":"passed","title":"should be unchecked by default"},{"ancestorTitles":["RadioButton"],"failureMessages":[],"fullName":"RadioButton should call onChange when toggled","location":null,"status":"passed","title":"should call onChange when toggled"}],"endTime":1517840427893,"message":"","name":"/Users/cristianoliveira/work/circuit-ui/src/components/RadioButton/RadioButton.spec.js","startTime":1517840427383,"status":"passed","summary":""},{"assertionResults":[{"ancestorTitles":["PasswordInput"],"failureMessages":[],"fullName":"PasswordInput should render with default styles","location":null,"status":"passed","title":"should render with default styles"},{"ancestorTitles":["PasswordInput"],"failureMessages":[],"fullName":"PasswordInput should render with disabled styles","location":null,"status":"passed","title":"should render with disabled styles"},{"ancestorTitles":["PasswordInput"],"failureMessages":[],"fullName":"PasswordInput should have type password by default","location":null,"status":"passed","title":"should have type password by default"},{"ancestorTitles":["PasswordInput"],"failureMessages":[],"fullName":"PasswordInput should toggle type between \"password\" and \"text\" by clicking the eye icon","location":null,"status":"passed","title":"should toggle type between \"password\" and \"text\" by clicking the eye icon"}],"endTime":1517840427987,"message":"","name":"/Users/cristianoliveira/work/circuit-ui/src/components/PasswordInput/PasswordInput.spec.js","startTime":1517840427161,"status":"passed","summary":""},{"assertionResults":[{"ancestorTitles":["Checkbox"],"failureMessages":[],"fullName":"Checkbox should render with default styles","location":null,"status":"passed","title":"should render with default styles"},{"ancestorTitles":["Checkbox"],"failureMessages":[],"fullName":"Checkbox should render with checked styles","location":null,"status":"passed","title":"should render with checked styles"},{"ancestorTitles":["Checkbox"],"failureMessages":[],"fullName":"Checkbox should render with disabled styles","location":null,"status":"passed","title":"should render with disabled styles"},{"ancestorTitles":["Checkbox"],"failureMessages":[],"fullName":"Checkbox should render with invalid styles","location":null,"status":"passed","title":"should render with invalid styles"},{"ancestorTitles":["Checkbox"],"failureMessages":[],"fullName":"Checkbox should be unchecked by default","location":null,"status":"passed","title":"should be unchecked by default"},{"ancestorTitles":["Checkbox"],"failureMessages":[],"fullName":"Checkbox should call onToggle when toggled","location":null,"status":"passed","title":"should call onToggle when toggled"}],"endTime":1517840428393,"message":"","name":"/Users/cristianoliveira/work/circuit-ui/src/components/Checkbox/Checkbox.spec.js","startTime":1517840427900,"status":"passed","summary":""},{"assertionResults":[{"ancestorTitles":["TextArea"],"failureMessages":[],"fullName":"TextArea should have the correct default styles","location":null,"status":"passed","title":"should have the correct default styles"},{"ancestorTitles":["TextArea"],"failureMessages":[],"fullName":"TextArea should show with invalid styles when passed the isInvalid prop","location":null,"status":"passed","title":"should show with invalid styles when passed the isInvalid prop"},{"ancestorTitles":["TextArea"],"failureMessages":[],"fullName":"TextArea should show with optional styles when passed the isOptional prop","location":null,"status":"passed","title":"should show with optional styles when passed the isOptional prop"},{"ancestorTitles":["TextArea"],"failureMessages":[],"fullName":"TextArea should show with disabled styled when passed the disabled prop","location":null,"status":"passed","title":"should show with disabled styled when passed the disabled prop"},{"ancestorTitles":["TextArea"],"failureMessages":[],"fullName":"TextArea should prioritize error over optional styles","location":null,"status":"passed","title":"should prioritize error over optional styles"}],"endTime":1517840428441,"message":"","name":"/Users/cristianoliveira/work/circuit-ui/src/components/TextArea/TextArea.spec.js","startTime":1517840427993,"status":"passed","summary":""},{"assertionResults":[{"ancestorTitles":["Input"],"failureMessages":[],"fullName":"Input should have the correct default styles","location":null,"status":"passed","title":"should have the correct default styles"},{"ancestorTitles":["Input"],"failureMessages":[],"fullName":"Input should show with invalid styles when passed the isInvalid prop","location":null,"status":"passed","title":"should show with invalid styles when passed the isInvalid prop"},{"ancestorTitles":["Input"],"failureMessages":[],"fullName":"Input should show with optional styles when passed the isOptional prop","location":null,"status":"passed","title":"should show with optional styles when passed the isOptional prop"},{"ancestorTitles":["Input"],"failureMessages":[],"fullName":"Input should show with disabled styled when passed the disabled prop","location":null,"status":"passed","title":"should show with disabled styled when passed the disabled prop"},{"ancestorTitles":["Input"],"failureMessages":[],"fullName":"Input should prioritize error over optional styles","location":null,"status":"passed","title":"should prioritize error over optional styles"}],"endTime":1517840428912,"message":"","name":"/Users/cristianoliveira/work/circuit-ui/src/components/Input/Input.spec.js","startTime":1517840428484,"status":"passed","summary":""},{"assertionResults":[{"ancestorTitles":["CardHeader"],"failureMessages":[],"fullName":"CardHeader should have the correct styles","location":null,"status":"passed","title":"should have the correct styles"},{"ancestorTitles":["CardHeader"],"failureMessages":[],"fullName":"CardHeader should render a close button when an onClose prop is passed","location":null,"status":"passed","title":"should render a close button when an onClose prop is passed"},{"ancestorTitles":["CardHeader"],"failureMessages":[],"fullName":"CardHeader should call the onClose prop when the close button is clicked","location":null,"status":"passed","title":"should call the onClose prop when the close button is clicked"}],"endTime":1517840429005,"message":"","name":"/Users/cristianoliveira/work/circuit-ui/src/components/Card/components/Header/Header.spec.js","startTime":1517840428507,"status":"passed","summary":""},{"assertionResults":[{"ancestorTitles":["IconInputWrapper"],"failureMessages":[],"fullName":"IconInputWrapper should have it's base styles","location":null,"status":"passed","title":"should have it's base styles"},{"ancestorTitles":["IconInputWrapper"],"failureMessages":[],"fullName":"IconInputWrapper should allow rendering the icon on the right","location":null,"status":"passed","title":"should allow rendering the icon on the right"}],"endTime":1517840429276,"message":"","name":"/Users/cristianoliveira/work/circuit-ui/src/components/IconInputWrapper/IconInputWrapper.spec.js","startTime":1517840428917,"status":"passed","summary":""},{"assertionResults":[{"ancestorTitles":["Heading"],"failureMessages":[],"fullName":"Heading should render as h1 element, when passed \"h1\" for the element prop","location":null,"status":"passed","title":"should render as h1 element, when passed \"h1\" for the element prop"},{"ancestorTitles":["Heading"],"failureMessages":[],"fullName":"Heading should render as h2 element, when passed \"h2\" for the element prop","location":null,"status":"passed","title":"should render as h2 element, when passed \"h2\" for the element prop"},{"ancestorTitles":["Heading"],"failureMessages":[],"fullName":"Heading should render as h3 element, when passed \"h3\" for the element prop","location":null,"status":"passed","title":"should render as h3 element, when passed \"h3\" for the element prop"},{"ancestorTitles":["Heading"],"failureMessages":[],"fullName":"Heading should render as h4 element, when passed \"h4\" for the element prop","location":null,"status":"passed","title":"should render as h4 element, when passed \"h4\" for the element prop"},{"ancestorTitles":["Heading"],"failureMessages":[],"fullName":"Heading should render as h5 element, when passed \"h5\" for the element prop","location":null,"status":"passed","title":"should render as h5 element, when passed \"h5\" for the element prop"},{"ancestorTitles":["Heading"],"failureMessages":[],"fullName":"Heading should render as h6 element, when passed \"h6\" for the element prop","location":null,"status":"passed","title":"should render as h6 element, when passed \"h6\" for the element prop"},{"ancestorTitles":["Heading"],"failureMessages":[],"fullName":"Heading should render with size kilo, when passed \"kilo\" for the size prop","location":null,"status":"passed","title":"should render with size kilo, when passed \"kilo\" for the size prop"},{"ancestorTitles":["Heading"],"failureMessages":[],"fullName":"Heading should render with size mega, when passed \"mega\" for the size prop","location":null,"status":"passed","title":"should render with size mega, when passed \"mega\" for the size prop"},{"ancestorTitles":["Heading"],"failureMessages":[],"fullName":"Heading should render with size giga, when passed \"giga\" for the size prop","location":null,"status":"passed","title":"should render with size giga, when passed \"giga\" for the size prop"},{"ancestorTitles":["Heading"],"failureMessages":[],"fullName":"Heading should render with size tera, when passed \"tera\" for the size prop","location":null,"status":"passed","title":"should render with size tera, when passed \"tera\" for the size prop"},{"ancestorTitles":["Heading"],"failureMessages":[],"fullName":"Heading should render with size peta, when passed \"peta\" for the size prop","location":null,"status":"passed","title":"should render with size peta, when passed \"peta\" for the size prop"},{"ancestorTitles":["Heading"],"failureMessages":[],"fullName":"Heading should render with size exa, when passed \"exa\" for the size prop","location":null,"status":"passed","title":"should render with size exa, when passed \"exa\" for the size prop"},{"ancestorTitles":["Heading"],"failureMessages":[],"fullName":"Heading should render with size zetta, when passed \"zetta\" for the size prop","location":null,"status":"passed","title":"should render with size zetta, when passed \"zetta\" for the size prop"}],"endTime":1517840429459,"message":"","name":"/Users/cristianoliveira/work/circuit-ui/src/components/Heading/Heading.spec.js","startTime":1517840429010,"status":"passed","summary":""},{"assertionResults":[{"ancestorTitles":["SubHeading"],"failureMessages":[],"fullName":"SubHeading should render as H2 element, when passed \"h2\" for the element prop","location":null,"status":"passed","title":"should render as H2 element, when passed \"h2\" for the element prop"},{"ancestorTitles":["SubHeading"],"failureMessages":[],"fullName":"SubHeading should render as H3 element, when passed \"h3\" for the element prop","location":null,"status":"passed","title":"should render as H3 element, when passed \"h3\" for the element prop"},{"ancestorTitles":["SubHeading"],"failureMessages":[],"fullName":"SubHeading should render as H4 element, when passed \"h4\" for the element prop","location":null,"status":"passed","title":"should render as H4 element, when passed \"h4\" for the element prop"},{"ancestorTitles":["SubHeading"],"failureMessages":[],"fullName":"SubHeading should render as H5 element, when passed \"h5\" for the element prop","location":null,"status":"passed","title":"should render as H5 element, when passed \"h5\" for the element prop"},{"ancestorTitles":["SubHeading"],"failureMessages":[],"fullName":"SubHeading should render as H6 element, when passed \"h6\" for the element prop","location":null,"status":"passed","title":"should render as H6 element, when passed \"h6\" for the element prop"},{"ancestorTitles":["SubHeading"],"failureMessages":[],"fullName":"SubHeading should render with size kilo, when passed \"kilo\" for the size prop","location":null,"status":"passed","title":"should render with size kilo, when passed \"kilo\" for the size prop"},{"ancestorTitles":["SubHeading"],"failureMessages":[],"fullName":"SubHeading should render with size mega, when passed \"mega\" for the size prop","location":null,"status":"passed","title":"should render with size mega, when passed \"mega\" for the size prop"}],"endTime":1517840429701,"message":"","name":"/Users/cristianoliveira/work/circuit-ui/src/components/SubHeading/SubHeading.spec.js","startTime":1517840429281,"status":"passed","summary":""},{"assertionResults":[{"ancestorTitles":["Text"],"failureMessages":[],"fullName":"Text should render as p element, when passed \"p\" for the element prop","location":null,"status":"passed","title":"should render as p element, when passed \"p\" for the element prop"},{"ancestorTitles":["Text"],"failureMessages":[],"fullName":"Text should render as article element, when passed \"article\" for the element prop","location":null,"status":"passed","title":"should render as article element, when passed \"article\" for the element prop"},{"ancestorTitles":["Text"],"failureMessages":[],"fullName":"Text should render as div element, when passed \"div\" for the element prop","location":null,"status":"passed","title":"should render as div element, when passed \"div\" for the element prop"},{"ancestorTitles":["Text"],"failureMessages":[],"fullName":"Text should render with size kilo, when passed \"kilo\" for the size prop","location":null,"status":"passed","title":"should render with size kilo, when passed \"kilo\" for the size prop"},{"ancestorTitles":["Text"],"failureMessages":[],"fullName":"Text should render with size mega, when passed \"mega\" for the size prop","location":null,"status":"passed","title":"should render with size mega, when passed \"mega\" for the size prop"},{"ancestorTitles":["Text"],"failureMessages":[],"fullName":"Text should render with size giga, when passed \"giga\" for the size prop","location":null,"status":"passed","title":"should render with size giga, when passed \"giga\" for the size prop"}],"endTime":1517840429852,"message":"","name":"/Users/cristianoliveira/work/circuit-ui/src/components/Text/Text.spec.js","startTime":1517840429464,"status":"passed","summary":""},{"assertionResults":[{"ancestorTitles":["Id"],"failureMessages":[],"fullName":"Id should generate a unique, auto-incrementing id","location":null,"status":"passed","title":"should generate a unique, auto-incrementing id"},{"ancestorTitles":["Id"],"failureMessages":[],"fullName":"Id should optionally prefix the id","location":null,"status":"passed","title":"should optionally prefix the id"}],"endTime":1517840430061,"message":"","name":"/Users/cristianoliveira/work/circuit-ui/src/util/unique-id.spec.js","startTime":1517840429708,"status":"passed","summary":""},{"assertionResults":[{"ancestorTitles":["SearchInput"],"failureMessages":[],"fullName":"SearchInput should render with default styles","location":null,"status":"passed","title":"should render with default styles"},{"ancestorTitles":["SearchInput"],"failureMessages":[],"fullName":"SearchInput should render icon with 0.4 opacity when disabled","location":null,"status":"passed","title":"should render icon with 0.4 opacity when disabled"}],"endTime":1517840430478,"message":"","name":"/Users/cristianoliveira/work/circuit-ui/src/components/SearchInput/SearchInput.spec.js","startTime":1517840429861,"status":"passed","summary":""},{"assertionResults":[{"ancestorTitles":["LoadingBar"],"failureMessages":[],"fullName":"LoadingBar should render with default styles","location":null,"status":"passed","title":"should render with default styles"},{"ancestorTitles":["LoadingBar"],"failureMessages":[],"fullName":"LoadingBar should render with loading styles","location":null,"status":"passed","title":"should render with loading styles"}],"endTime":1517840430616,"message":"","name":"/Users/cristianoliveira/work/circuit-ui/src/components/LoadingBar/LoadingBar.spec.js","startTime":1517840430068,"status":"passed","summary":""},{"assertionResults":[{"ancestorTitles":["SvgButton"],"failureMessages":[],"fullName":"SvgButton should render with the default styles","location":null,"status":"passed","title":"should render with the default styles"}],"endTime":1517840430897,"message":"","name":"/Users/cristianoliveira/work/circuit-ui/src/components/SvgButton/SvgButton.spec.js","startTime":1517840430485,"status":"passed","summary":""},{"assertionResults":[{"ancestorTitles":["FormLabel"],"failureMessages":[],"fullName":"FormLabel should have the correct styles","location":null,"status":"passed","title":"should have the correct styles"}],"endTime":1517840431082,"message":"","name":"/Users/cristianoliveira/work/circuit-ui/src/components/FormLabel/FormLabel.spec.js","startTime":1517840430622,"status":"passed","summary":""},{"assertionResults":[{"ancestorTitles":["CardFooter"],"failureMessages":[],"fullName":"CardFooter should have the correct styles","location":null,"status":"passed","title":"should have the correct styles"}],"endTime":1517840431285,"message":"","name":"/Users/cristianoliveira/work/circuit-ui/src/components/Card/components/Footer/Footer.spec.js","startTime":1517840430905,"status":"passed","summary":""},{"assertionResults":[{"ancestorTitles":["CloseButton"],"failureMessages":[],"fullName":"CloseButton should have the correct styles","location":null,"status":"passed","title":"should have the correct styles"}],"endTime":1517840431636,"message":"","name":"/Users/cristianoliveira/work/circuit-ui/src/components/CloseButton/CloseButton.spec.js","startTime":1517840431089,"status":"passed","summary":""},{"assertionResults":[{"ancestorTitles":["ButtonGroup"],"failureMessages":[],"fullName":"ButtonGroup should have the correct styles","location":null,"status":"passed","title":"should have the correct styles"}],"endTime":1517840432036,"message":"","name":"/Users/cristianoliveira/work/circuit-ui/src/components/ButtonGroup/ButtonGroup.spec.js","startTime":1517840431383,"status":"passed","summary":""},{"assertionResults":[{"ancestorTitles":["Card"],"failureMessages":[],"fullName":"Card should render with the correct styles","location":null,"status":"passed","title":"should render with the correct styles"}],"endTime":1517840432224,"message":"","name":"/Users/cristianoliveira/work/circuit-ui/src/components/Card/Card.spec.js","startTime":1517840431745,"status":"passed","summary":""}],"wasInterrupted":false}